<?xml version="1.0" encoding="UTF-8"?>
<testsuite name="dhbw.de.UnitandIntegrationtests" tests="12" skipped="0" failures="0" errors="0" timestamp="2025-03-13T12:26:58" hostname="RWLWIN234" time="5.215">
  <properties/>
  <testcase name="testHaversine_BerlinDistances()" classname="dhbw.de.UnitandIntegrationtests" time="0.68"/>
  <testcase name="testStationSearchRadiusZero()" classname="dhbw.de.UnitandIntegrationtests" time="0.267"/>
  <testcase name="testFetchWeatherDataYearRangeInverted()" classname="dhbw.de.UnitandIntegrationtests" time="0.769"/>
  <testcase name="testHaversine_FarDistance()" classname="dhbw.de.UnitandIntegrationtests" time="0.003"/>
  <testcase name="testStationSearchNegativeLimit_shouldThrowException()" classname="dhbw.de.UnitandIntegrationtests" time="0.162"/>
  <testcase name="testFetchWeatherDataInvalidStationId()" classname="dhbw.de.UnitandIntegrationtests" time="0.53"/>
  <testcase name="testFetchAndProcessWeatherDataByYear()" classname="dhbw.de.UnitandIntegrationtests" time="0.687"/>
  <testcase name="testStationSearchInvalidCoordinates()" classname="dhbw.de.UnitandIntegrationtests" time="0.1"/>
  <testcase name="testFetchWeatherDataSeasonsStationNotInRadius()" classname="dhbw.de.UnitandIntegrationtests" time="0.622"/>
  <testcase name="testFetchAndProcessWeatherDataBySeasons()" classname="dhbw.de.UnitandIntegrationtests" time="0.63"/>
  <testcase name="testStationSearch()" classname="dhbw.de.UnitandIntegrationtests" time="0.124"/>
  <testcase name="testFetchWeatherDataBySeasonsShortRange()" classname="dhbw.de.UnitandIntegrationtests" time="0.625"/>
  <system-out><![CDATA[13:26:46.882 [Test worker] INFO org.springframework.test.context.support.AnnotationConfigContextLoaderUtils -- Could not detect default configuration classes for test class [dhbw.de.UnitandIntegrationtests]: UnitandIntegrationtests does not declare any static, non-private, non-final, nested classes annotated with @Configuration.
13:26:47.055 [Test worker] INFO org.springframework.boot.test.context.SpringBootTestContextBootstrapper -- Found @SpringBootConfiguration dhbw.de.WeatherAPIApplication for test class dhbw.de.UnitandIntegrationtests

  .   ____          _            __ _ _
 /\\ / ___'_ __ _ _(_)_ __  __ _ \ \ \ \
( ( )\___ | '_ | '_| | '_ \/ _` | \ \ \ \
 \\/  ___)| |_)| | | | | || (_| |  ) ) ) )
  '  |____| .__|_| |_|_| |_\__, | / / / /
 =========|_|==============|___/=/_/_/_/

 :: Spring Boot ::                (v3.4.2)

2025-03-13T13:26:47.498+01:00  INFO 30424 --- [    Test worker] dhbw.de.UnitandIntegrationtests          : Starting UnitandIntegrationtests using Java 17.0.12 with PID 30424 (started by g.infantone in D:\workspaces\WetterAPI_funk_gommlich_dhbw)
2025-03-13T13:26:47.500+01:00  INFO 30424 --- [    Test worker] dhbw.de.UnitandIntegrationtests          : No active profile set, falling back to 1 default profile: "default"
2025-03-13T13:26:48.267+01:00  INFO 30424 --- [    Test worker] .s.d.r.c.RepositoryConfigurationDelegate : Bootstrapping Spring Data JPA repositories in DEFAULT mode.
2025-03-13T13:26:48.294+01:00  INFO 30424 --- [    Test worker] .s.d.r.c.RepositoryConfigurationDelegate : Finished Spring Data repository scanning in 13 ms. Found 0 JPA repository interfaces.
2025-03-13T13:26:48.723+01:00  INFO 30424 --- [    Test worker] com.zaxxer.hikari.HikariDataSource       : HikariPool-1 - Starting...
2025-03-13T13:26:48.913+01:00  INFO 30424 --- [    Test worker] com.zaxxer.hikari.pool.HikariPool        : HikariPool-1 - Added connection conn0: url=jdbc:h2:mem:363c19c5-090a-4df4-9ae7-d1f71bdd14cd user=SA
2025-03-13T13:26:48.915+01:00  INFO 30424 --- [    Test worker] com.zaxxer.hikari.HikariDataSource       : HikariPool-1 - Start completed.
2025-03-13T13:26:49.000+01:00  INFO 30424 --- [    Test worker] o.hibernate.jpa.internal.util.LogHelper  : HHH000204: Processing PersistenceUnitInfo [name: default]
2025-03-13T13:26:49.083+01:00  INFO 30424 --- [    Test worker] org.hibernate.Version                    : HHH000412: Hibernate ORM core version 6.6.5.Final
2025-03-13T13:26:49.123+01:00  INFO 30424 --- [    Test worker] o.h.c.internal.RegionFactoryInitiator    : HHH000026: Second-level cache disabled
2025-03-13T13:26:49.466+01:00  INFO 30424 --- [    Test worker] o.s.o.j.p.SpringPersistenceUnitInfo      : No LoadTimeWeaver setup: ignoring JPA class transformer
2025-03-13T13:26:49.562+01:00  INFO 30424 --- [    Test worker] org.hibernate.orm.connections.pooling    : HHH10001005: Database info:
	Database JDBC URL [Connecting through datasource 'HikariDataSource (HikariPool-1)']
	Database driver: undefined/unknown
	Database version: 2.3.232
	Autocommit mode: undefined/unknown
	Isolation level: undefined/unknown
	Minimum pool size: undefined/unknown
	Maximum pool size: undefined/unknown
2025-03-13T13:26:49.908+01:00  INFO 30424 --- [    Test worker] o.h.e.t.j.p.i.JtaPlatformInitiator       : HHH000489: No JTA platform available (set 'hibernate.transaction.jta.platform' to enable JTA platform integration)
2025-03-13T13:26:49.917+01:00  INFO 30424 --- [    Test worker] j.LocalContainerEntityManagerFactoryBean : Initialized JPA EntityManagerFactory for persistence unit 'default'
Geladene Stationen: 129657
2025-03-13T13:26:52.450+01:00  INFO 30424 --- [    Test worker] dhbw.de.WeatherAPIRESTController         : Stationen wurden geladen 129657
Inventardaten geladen: 40578 Stationen mit Temperaturwerten.
2025-03-13T13:26:57.107+01:00  INFO 30424 --- [    Test worker] dhbw.de.WeatherAPIRESTController         : Inventory-Daten wurden geladen 40578
2025-03-13T13:26:57.297+01:00  WARN 30424 --- [    Test worker] JpaBaseConfiguration$JpaWebConfiguration : spring.jpa.open-in-view is enabled by default. Therefore, database queries may be performed during view rendering. Explicitly configure spring.jpa.open-in-view to disable this warning
2025-03-13T13:26:58.006+01:00  INFO 30424 --- [    Test worker] dhbw.de.UnitandIntegrationtests          : Started UnitandIntegrationtests in 10.785 seconds (process running for 12.346)
2025-03-13T13:26:58.985+01:00  INFO 30424 --- [    Test worker] dhbw.de.WeatherAPIRESTController         : 0 Stationen innerhalb von 0.0 km um Koordinaten (52.52, 13.405):
2025-03-13T13:26:58.989+01:00  INFO 30424 --- [    Test worker] dhbw.de.WeatherAPIRESTController         : 0 Stationen innerhalb von 0.0 km um Koordinaten (52.52, 13.405),                            die Daten im Zeitraum von 1949 und 2000baufweisen
2025-03-13T13:26:59.149+01:00  INFO 30424 --- [    Test worker] dhbw.de.WeatherAPIRESTController         : 25 Stationen innerhalb von 50.0 km um Koordinaten (52.52, 13.405):
2025-03-13T13:26:59.150+01:00  INFO 30424 --- [    Test worker] dhbw.de.WeatherAPIRESTController         : 9 Stationen innerhalb von 50.0 km um Koordinaten (52.52, 13.405),                            die Daten im Zeitraum von 2020 und 2000baufweisen
Unfiltered: Station[id=GMM00010376, latitude=52.117, longitude=13.617, name=BARUTH, distance=47.071325755958036]
Unfiltered: Station[id=GMM00010385, latitude=52.38, longitude=13.523, name=SCHONEFELD, distance=17.501044607493778]
Unfiltered: Station[id=GME00127930, latitude=52.3819, longitude=13.5325, name=BERLIN-SCHONEFELD, distance=17.619904608054995]
Unfiltered: Station[id=GM000003342, latitude=52.3833, longitude=13.0639, name=POTSDAM, distance=27.664853857458986]
Unfiltered: Station[id=GME00124586, latitude=52.405, longitude=13.2333, name=KLEINMACHNOW, distance=17.286770634273548]
Unfiltered: Station[id=GME00127882, latitude=52.4056, longitude=13.4856, name=BERLIN-RUDOW, distance=13.843173913835017]
Unfiltered: Station[id=GME00127642, latitude=52.4056, longitude=13.7328, name=BERLIN-KANISWALL, distance=25.59310363709808]
Unfiltered: Station[id=GME00127762, latitude=52.4081, longitude=13.4142, name=BERLIN-LICHTENRADE, distance=12.458312542352322]
Unfiltered: Station[id=GME00127798, latitude=52.4156, longitude=13.3053, name=BERLIN-LICHTERFELDE (SUD), distance=13.430419802024636]
Unfiltered: Station[id=GME00128146, latitude=52.4303, longitude=13.2342, name=BERLIN-ZEHLENDORF, distance=15.274393801355734]
Unfiltered: Station[id=GME00128126, latitude=52.4567, longitude=13.4717, name=BERLIN-TREPTOW, distance=8.362922272611476]
Unfiltered: Station[id=GME00127486, latitude=52.4578, longitude=13.3014, name=BERLIN-DAHLEM (LFAG), distance=9.850877900636672]
Unfiltered: Station[id=GM000003319, latitude=52.4639, longitude=13.3017, name=BERLIN-DAHLEM, distance=9.371552904956935]
Unfiltered: Station[id=GME00111445, latitude=52.4683, longitude=13.4039, name=BERLIN-TEMPELHOF, distance=5.749260034137326]
Unfiltered: Station[id=GMW00035104, latitude=52.4833, longitude=13.4, name=TEMPELHOF, distance=4.094864049440625]
Unfiltered: Station[id=GME00127850, latitude=52.5331, longitude=13.3831, name=BERLIN-MITTE, distance=2.0776921509980335]
Unfiltered: Station[id=GME00127822, latitude=52.5458, longitude=13.5617, name=BERLIN-MARZAHN, distance=10.980647749546252]
Unfiltered: Station[id=GME00121150, latitude=52.5656, longitude=13.3106, name=BERLIN-TEGEL, distance=8.152487881738962]
Unfiltered: Station[id=GMW00035110, latitude=52.5667, longitude=13.3, name=TEGEL, distance=8.796771318670672]
Unfiltered: Station[id=GME00127990, latitude=52.5681, longitude=13.1708, name=BERLIN-SPANDAU, distance=16.716120541285903]
Unfiltered: Station[id=GME00128062, latitude=52.6056, longitude=13.2967, name=BERLIN-TEGELER FLIESSTAL, distance=12.007793478030722]
Unfiltered: Station[id=GME00127438, latitude=52.6325, longitude=13.5039, name=BERLIN-BUCH, distance=14.18269241368554]
Unfiltered: Station[id=GME00132130, latitude=52.7458, longitude=13.8419, name=HECKELBERG, distance=38.72655562382661]
Unfiltered: Station[id=GME00131014, latitude=52.78, longitude=13.7606, name=MELCHOW-SCHONHOLZ, distance=37.56702804632367]
Unfiltered: Station[id=GME00121526, latitude=52.8253, longitude=13.7994, name=EBERSWALDE, distance=43.12307586534306]
Filtered: Station[id=GMM00010385, latitude=52.38, longitude=13.523, name=SCHONEFELD, distance=17.501044607493778]
Filtered: Station[id=GME00127930, latitude=52.3819, longitude=13.5325, name=BERLIN-SCHONEFELD, distance=17.619904608054995]
Filtered: Station[id=GM000003342, latitude=52.3833, longitude=13.0639, name=POTSDAM, distance=27.664853857458986]
Filtered: Station[id=GME00127642, latitude=52.4056, longitude=13.7328, name=BERLIN-KANISWALL, distance=25.59310363709808]
Filtered: Station[id=GM000003319, latitude=52.4639, longitude=13.3017, name=BERLIN-DAHLEM, distance=9.371552904956935]
Filtered: Station[id=GME00111445, latitude=52.4683, longitude=13.4039, name=BERLIN-TEMPELHOF, distance=5.749260034137326]
Filtered: Station[id=GME00127822, latitude=52.5458, longitude=13.5617, name=BERLIN-MARZAHN, distance=10.980647749546252]
Filtered: Station[id=GME00121150, latitude=52.5656, longitude=13.3106, name=BERLIN-TEGEL, distance=8.152487881738962]
Filtered: Station[id=GME00127438, latitude=52.6325, longitude=13.5039, name=BERLIN-BUCH, distance=14.18269241368554]
2025-03-13T13:26:59.768+01:00  INFO 30424 --- [    Test worker] dhbw.de.WeatherAPIRESTController         : Wetterdaten pro Jahr für GME00127850 gesammelt
2025-03-13T13:27:00.054+01:00  INFO 30424 --- [    Test worker] dhbw.de.WeatherAPIRESTController         : 25 Stationen innerhalb von 50.0 km um Koordinaten (52.52, 13.405):
2025-03-13T13:27:00.054+01:00  INFO 30424 --- [    Test worker] dhbw.de.WeatherAPIRESTController         : 9 Stationen innerhalb von 50.0 km um Koordinaten (52.52, 13.405),                            die Daten im Zeitraum von 2000 und 2010baufweisen
Unfiltered: Station[id=GMM00010376, latitude=52.117, longitude=13.617, name=BARUTH, distance=47.071325755958036]
Unfiltered: Station[id=GMM00010385, latitude=52.38, longitude=13.523, name=SCHONEFELD, distance=17.501044607493778]
Unfiltered: Station[id=GME00127930, latitude=52.3819, longitude=13.5325, name=BERLIN-SCHONEFELD, distance=17.619904608054995]
Unfiltered: Station[id=GM000003342, latitude=52.3833, longitude=13.0639, name=POTSDAM, distance=27.664853857458986]
Unfiltered: Station[id=GME00124586, latitude=52.405, longitude=13.2333, name=KLEINMACHNOW, distance=17.286770634273548]
Unfiltered: Station[id=GME00127882, latitude=52.4056, longitude=13.4856, name=BERLIN-RUDOW, distance=13.843173913835017]
Unfiltered: Station[id=GME00127642, latitude=52.4056, longitude=13.7328, name=BERLIN-KANISWALL, distance=25.59310363709808]
Unfiltered: Station[id=GME00127762, latitude=52.4081, longitude=13.4142, name=BERLIN-LICHTENRADE, distance=12.458312542352322]
Unfiltered: Station[id=GME00127798, latitude=52.4156, longitude=13.3053, name=BERLIN-LICHTERFELDE (SUD), distance=13.430419802024636]
Unfiltered: Station[id=GME00128146, latitude=52.4303, longitude=13.2342, name=BERLIN-ZEHLENDORF, distance=15.274393801355734]
Unfiltered: Station[id=GME00128126, latitude=52.4567, longitude=13.4717, name=BERLIN-TREPTOW, distance=8.362922272611476]
Unfiltered: Station[id=GME00127486, latitude=52.4578, longitude=13.3014, name=BERLIN-DAHLEM (LFAG), distance=9.850877900636672]
Unfiltered: Station[id=GM000003319, latitude=52.4639, longitude=13.3017, name=BERLIN-DAHLEM, distance=9.371552904956935]
Unfiltered: Station[id=GME00111445, latitude=52.4683, longitude=13.4039, name=BERLIN-TEMPELHOF, distance=5.749260034137326]
Unfiltered: Station[id=GMW00035104, latitude=52.4833, longitude=13.4, name=TEMPELHOF, distance=4.094864049440625]
Unfiltered: Station[id=GME00127850, latitude=52.5331, longitude=13.3831, name=BERLIN-MITTE, distance=2.0776921509980335]
Unfiltered: Station[id=GME00127822, latitude=52.5458, longitude=13.5617, name=BERLIN-MARZAHN, distance=10.980647749546252]
Unfiltered: Station[id=GME00121150, latitude=52.5656, longitude=13.3106, name=BERLIN-TEGEL, distance=8.152487881738962]
Unfiltered: Station[id=GMW00035110, latitude=52.5667, longitude=13.3, name=TEGEL, distance=8.796771318670672]
Unfiltered: Station[id=GME00127990, latitude=52.5681, longitude=13.1708, name=BERLIN-SPANDAU, distance=16.716120541285903]
Unfiltered: Station[id=GME00128062, latitude=52.6056, longitude=13.2967, name=BERLIN-TEGELER FLIESSTAL, distance=12.007793478030722]
Unfiltered: Station[id=GME00127438, latitude=52.6325, longitude=13.5039, name=BERLIN-BUCH, distance=14.18269241368554]
Unfiltered: Station[id=GME00132130, latitude=52.7458, longitude=13.8419, name=HECKELBERG, distance=38.72655562382661]
Unfiltered: Station[id=GME00131014, latitude=52.78, longitude=13.7606, name=MELCHOW-SCHONHOLZ, distance=37.56702804632367]
Unfiltered: Station[id=GME00121526, latitude=52.8253, longitude=13.7994, name=EBERSWALDE, distance=43.12307586534306]
Filtered: Station[id=GMM00010385, latitude=52.38, longitude=13.523, name=SCHONEFELD, distance=17.501044607493778]
Filtered: Station[id=GME00127930, latitude=52.3819, longitude=13.5325, name=BERLIN-SCHONEFELD, distance=17.619904608054995]
Filtered: Station[id=GM000003342, latitude=52.3833, longitude=13.0639, name=POTSDAM, distance=27.664853857458986]
Filtered: Station[id=GME00127642, latitude=52.4056, longitude=13.7328, name=BERLIN-KANISWALL, distance=25.59310363709808]
Filtered: Station[id=GM000003319, latitude=52.4639, longitude=13.3017, name=BERLIN-DAHLEM, distance=9.371552904956935]
Filtered: Station[id=GME00111445, latitude=52.4683, longitude=13.4039, name=BERLIN-TEMPELHOF, distance=5.749260034137326]
Filtered: Station[id=GME00127822, latitude=52.5458, longitude=13.5617, name=BERLIN-MARZAHN, distance=10.980647749546252]
Filtered: Station[id=GME00121150, latitude=52.5656, longitude=13.3106, name=BERLIN-TEGEL, distance=8.152487881738962]
Filtered: Station[id=GME00127438, latitude=52.6325, longitude=13.5039, name=BERLIN-BUCH, distance=14.18269241368554]
2025-03-13T13:27:00.474+01:00  INFO 30424 --- [    Test worker] dhbw.de.WeatherAPIRESTController         : Wetterdaten pro Jahr für FAKE12345678 konnten nicht gesammelt werden
2025-03-13T13:27:00.595+01:00  INFO 30424 --- [    Test worker] dhbw.de.WeatherAPIRESTController         : 25 Stationen innerhalb von 50.0 km um Koordinaten (52.52, 13.405):
2025-03-13T13:27:00.595+01:00  INFO 30424 --- [    Test worker] dhbw.de.WeatherAPIRESTController         : 4 Stationen innerhalb von 50.0 km um Koordinaten (52.52, 13.405),                            die Daten im Zeitraum von 1949 und 2000baufweisen
Unfiltered: Station[id=GMM00010376, latitude=52.117, longitude=13.617, name=BARUTH, distance=47.071325755958036]
Unfiltered: Station[id=GMM00010385, latitude=52.38, longitude=13.523, name=SCHONEFELD, distance=17.501044607493778]
Unfiltered: Station[id=GME00127930, latitude=52.3819, longitude=13.5325, name=BERLIN-SCHONEFELD, distance=17.619904608054995]
Unfiltered: Station[id=GM000003342, latitude=52.3833, longitude=13.0639, name=POTSDAM, distance=27.664853857458986]
Unfiltered: Station[id=GME00124586, latitude=52.405, longitude=13.2333, name=KLEINMACHNOW, distance=17.286770634273548]
Unfiltered: Station[id=GME00127882, latitude=52.4056, longitude=13.4856, name=BERLIN-RUDOW, distance=13.843173913835017]
Unfiltered: Station[id=GME00127642, latitude=52.4056, longitude=13.7328, name=BERLIN-KANISWALL, distance=25.59310363709808]
Unfiltered: Station[id=GME00127762, latitude=52.4081, longitude=13.4142, name=BERLIN-LICHTENRADE, distance=12.458312542352322]
Unfiltered: Station[id=GME00127798, latitude=52.4156, longitude=13.3053, name=BERLIN-LICHTERFELDE (SUD), distance=13.430419802024636]
Unfiltered: Station[id=GME00128146, latitude=52.4303, longitude=13.2342, name=BERLIN-ZEHLENDORF, distance=15.274393801355734]
Unfiltered: Station[id=GME00128126, latitude=52.4567, longitude=13.4717, name=BERLIN-TREPTOW, distance=8.362922272611476]
Unfiltered: Station[id=GME00127486, latitude=52.4578, longitude=13.3014, name=BERLIN-DAHLEM (LFAG), distance=9.850877900636672]
Unfiltered: Station[id=GM000003319, latitude=52.4639, longitude=13.3017, name=BERLIN-DAHLEM, distance=9.371552904956935]
Unfiltered: Station[id=GME00111445, latitude=52.4683, longitude=13.4039, name=BERLIN-TEMPELHOF, distance=5.749260034137326]
Unfiltered: Station[id=GMW00035104, latitude=52.4833, longitude=13.4, name=TEMPELHOF, distance=4.094864049440625]
Unfiltered: Station[id=GME00127850, latitude=52.5331, longitude=13.3831, name=BERLIN-MITTE, distance=2.0776921509980335]
Unfiltered: Station[id=GME00127822, latitude=52.5458, longitude=13.5617, name=BERLIN-MARZAHN, distance=10.980647749546252]
Unfiltered: Station[id=GME00121150, latitude=52.5656, longitude=13.3106, name=BERLIN-TEGEL, distance=8.152487881738962]
Unfiltered: Station[id=GMW00035110, latitude=52.5667, longitude=13.3, name=TEGEL, distance=8.796771318670672]
Unfiltered: Station[id=GME00127990, latitude=52.5681, longitude=13.1708, name=BERLIN-SPANDAU, distance=16.716120541285903]
Unfiltered: Station[id=GME00128062, latitude=52.6056, longitude=13.2967, name=BERLIN-TEGELER FLIESSTAL, distance=12.007793478030722]
Unfiltered: Station[id=GME00127438, latitude=52.6325, longitude=13.5039, name=BERLIN-BUCH, distance=14.18269241368554]
Unfiltered: Station[id=GME00132130, latitude=52.7458, longitude=13.8419, name=HECKELBERG, distance=38.72655562382661]
Unfiltered: Station[id=GME00131014, latitude=52.78, longitude=13.7606, name=MELCHOW-SCHONHOLZ, distance=37.56702804632367]
Unfiltered: Station[id=GME00121526, latitude=52.8253, longitude=13.7994, name=EBERSWALDE, distance=43.12307586534306]
Filtered: Station[id=GM000003342, latitude=52.3833, longitude=13.0639, name=POTSDAM, distance=27.664853857458986]
Filtered: Station[id=GM000003319, latitude=52.4639, longitude=13.3017, name=BERLIN-DAHLEM, distance=9.371552904956935]
Filtered: Station[id=GME00111445, latitude=52.4683, longitude=13.4039, name=BERLIN-TEMPELHOF, distance=5.749260034137326]
Filtered: Station[id=GME00121150, latitude=52.5656, longitude=13.3106, name=BERLIN-TEGEL, distance=8.152487881738962]
2025-03-13T13:27:01.148+01:00  INFO 30424 --- [    Test worker] dhbw.de.WeatherAPIRESTController         : Wetterdaten pro Jahr für GME00127850 gesammelt
2025-03-13T13:27:01.262+01:00  INFO 30424 --- [    Test worker] dhbw.de.WeatherAPIRESTController         : 0 Stationen innerhalb von 10.0 km um Koordinaten (9999.0, 9999.0):
2025-03-13T13:27:01.262+01:00  INFO 30424 --- [    Test worker] dhbw.de.WeatherAPIRESTController         : 0 Stationen innerhalb von 10.0 km um Koordinaten (9999.0, 9999.0),                            die Daten im Zeitraum von 1949 und 2000baufweisen
2025-03-13T13:27:01.363+01:00  INFO 30424 --- [    Test worker] dhbw.de.WeatherAPIRESTController         : 0 Stationen innerhalb von 10.0 km um Koordinaten (-89.0, 0.0):
2025-03-13T13:27:01.363+01:00  INFO 30424 --- [    Test worker] dhbw.de.WeatherAPIRESTController         : 0 Stationen innerhalb von 10.0 km um Koordinaten (-89.0, 0.0),                            die Daten im Zeitraum von 1949 und 1950baufweisen
2025-03-13T13:27:01.878+01:00  INFO 30424 --- [    Test worker] dhbw.de.WeatherAPIRESTController         : Wetterdaten pro Jahreszeit für GME00127850 gesammelt
2025-03-13T13:27:01.986+01:00  INFO 30424 --- [    Test worker] dhbw.de.WeatherAPIRESTController         : 25 Stationen innerhalb von 50.0 km um Koordinaten (52.52, 13.405):
2025-03-13T13:27:01.986+01:00  INFO 30424 --- [    Test worker] dhbw.de.WeatherAPIRESTController         : 4 Stationen innerhalb von 50.0 km um Koordinaten (52.52, 13.405),                            die Daten im Zeitraum von 1949 und 2000baufweisen
Unfiltered: Station[id=GMM00010376, latitude=52.117, longitude=13.617, name=BARUTH, distance=47.071325755958036]
Unfiltered: Station[id=GMM00010385, latitude=52.38, longitude=13.523, name=SCHONEFELD, distance=17.501044607493778]
Unfiltered: Station[id=GME00127930, latitude=52.3819, longitude=13.5325, name=BERLIN-SCHONEFELD, distance=17.619904608054995]
Unfiltered: Station[id=GM000003342, latitude=52.3833, longitude=13.0639, name=POTSDAM, distance=27.664853857458986]
Unfiltered: Station[id=GME00124586, latitude=52.405, longitude=13.2333, name=KLEINMACHNOW, distance=17.286770634273548]
Unfiltered: Station[id=GME00127882, latitude=52.4056, longitude=13.4856, name=BERLIN-RUDOW, distance=13.843173913835017]
Unfiltered: Station[id=GME00127642, latitude=52.4056, longitude=13.7328, name=BERLIN-KANISWALL, distance=25.59310363709808]
Unfiltered: Station[id=GME00127762, latitude=52.4081, longitude=13.4142, name=BERLIN-LICHTENRADE, distance=12.458312542352322]
Unfiltered: Station[id=GME00127798, latitude=52.4156, longitude=13.3053, name=BERLIN-LICHTERFELDE (SUD), distance=13.430419802024636]
Unfiltered: Station[id=GME00128146, latitude=52.4303, longitude=13.2342, name=BERLIN-ZEHLENDORF, distance=15.274393801355734]
Unfiltered: Station[id=GME00128126, latitude=52.4567, longitude=13.4717, name=BERLIN-TREPTOW, distance=8.362922272611476]
Unfiltered: Station[id=GME00127486, latitude=52.4578, longitude=13.3014, name=BERLIN-DAHLEM (LFAG), distance=9.850877900636672]
Unfiltered: Station[id=GM000003319, latitude=52.4639, longitude=13.3017, name=BERLIN-DAHLEM, distance=9.371552904956935]
Unfiltered: Station[id=GME00111445, latitude=52.4683, longitude=13.4039, name=BERLIN-TEMPELHOF, distance=5.749260034137326]
Unfiltered: Station[id=GMW00035104, latitude=52.4833, longitude=13.4, name=TEMPELHOF, distance=4.094864049440625]
Unfiltered: Station[id=GME00127850, latitude=52.5331, longitude=13.3831, name=BERLIN-MITTE, distance=2.0776921509980335]
Unfiltered: Station[id=GME00127822, latitude=52.5458, longitude=13.5617, name=BERLIN-MARZAHN, distance=10.980647749546252]
Unfiltered: Station[id=GME00121150, latitude=52.5656, longitude=13.3106, name=BERLIN-TEGEL, distance=8.152487881738962]
Unfiltered: Station[id=GMW00035110, latitude=52.5667, longitude=13.3, name=TEGEL, distance=8.796771318670672]
Unfiltered: Station[id=GME00127990, latitude=52.5681, longitude=13.1708, name=BERLIN-SPANDAU, distance=16.716120541285903]
Unfiltered: Station[id=GME00128062, latitude=52.6056, longitude=13.2967, name=BERLIN-TEGELER FLIESSTAL, distance=12.007793478030722]
Unfiltered: Station[id=GME00127438, latitude=52.6325, longitude=13.5039, name=BERLIN-BUCH, distance=14.18269241368554]
Unfiltered: Station[id=GME00132130, latitude=52.7458, longitude=13.8419, name=HECKELBERG, distance=38.72655562382661]
Unfiltered: Station[id=GME00131014, latitude=52.78, longitude=13.7606, name=MELCHOW-SCHONHOLZ, distance=37.56702804632367]
Unfiltered: Station[id=GME00121526, latitude=52.8253, longitude=13.7994, name=EBERSWALDE, distance=43.12307586534306]
Filtered: Station[id=GM000003342, latitude=52.3833, longitude=13.0639, name=POTSDAM, distance=27.664853857458986]
Filtered: Station[id=GM000003319, latitude=52.4639, longitude=13.3017, name=BERLIN-DAHLEM, distance=9.371552904956935]
Filtered: Station[id=GME00111445, latitude=52.4683, longitude=13.4039, name=BERLIN-TEMPELHOF, distance=5.749260034137326]
Filtered: Station[id=GME00121150, latitude=52.5656, longitude=13.3106, name=BERLIN-TEGEL, distance=8.152487881738962]
2025-03-13T13:27:02.515+01:00  INFO 30424 --- [    Test worker] dhbw.de.WeatherAPIRESTController         : Wetterdaten pro Jahreszeit für GME00127850 gesammelt
2025-03-13T13:27:02.639+01:00  INFO 30424 --- [    Test worker] dhbw.de.WeatherAPIRESTController         : 25 Stationen innerhalb von 50.0 km um Koordinaten (52.52, 13.405):
2025-03-13T13:27:02.639+01:00  INFO 30424 --- [    Test worker] dhbw.de.WeatherAPIRESTController         : 4 Stationen innerhalb von 50.0 km um Koordinaten (52.52, 13.405),                            die Daten im Zeitraum von 1949 und 2000baufweisen
Unfiltered: Station[id=GMM00010376, latitude=52.117, longitude=13.617, name=BARUTH, distance=47.071325755958036]
Unfiltered: Station[id=GMM00010385, latitude=52.38, longitude=13.523, name=SCHONEFELD, distance=17.501044607493778]
Unfiltered: Station[id=GME00127930, latitude=52.3819, longitude=13.5325, name=BERLIN-SCHONEFELD, distance=17.619904608054995]
Unfiltered: Station[id=GM000003342, latitude=52.3833, longitude=13.0639, name=POTSDAM, distance=27.664853857458986]
Unfiltered: Station[id=GME00124586, latitude=52.405, longitude=13.2333, name=KLEINMACHNOW, distance=17.286770634273548]
Unfiltered: Station[id=GME00127882, latitude=52.4056, longitude=13.4856, name=BERLIN-RUDOW, distance=13.843173913835017]
Unfiltered: Station[id=GME00127642, latitude=52.4056, longitude=13.7328, name=BERLIN-KANISWALL, distance=25.59310363709808]
Unfiltered: Station[id=GME00127762, latitude=52.4081, longitude=13.4142, name=BERLIN-LICHTENRADE, distance=12.458312542352322]
Unfiltered: Station[id=GME00127798, latitude=52.4156, longitude=13.3053, name=BERLIN-LICHTERFELDE (SUD), distance=13.430419802024636]
Unfiltered: Station[id=GME00128146, latitude=52.4303, longitude=13.2342, name=BERLIN-ZEHLENDORF, distance=15.274393801355734]
Unfiltered: Station[id=GME00128126, latitude=52.4567, longitude=13.4717, name=BERLIN-TREPTOW, distance=8.362922272611476]
Unfiltered: Station[id=GME00127486, latitude=52.4578, longitude=13.3014, name=BERLIN-DAHLEM (LFAG), distance=9.850877900636672]
Unfiltered: Station[id=GM000003319, latitude=52.4639, longitude=13.3017, name=BERLIN-DAHLEM, distance=9.371552904956935]
Unfiltered: Station[id=GME00111445, latitude=52.4683, longitude=13.4039, name=BERLIN-TEMPELHOF, distance=5.749260034137326]
Unfiltered: Station[id=GMW00035104, latitude=52.4833, longitude=13.4, name=TEMPELHOF, distance=4.094864049440625]
Unfiltered: Station[id=GME00127850, latitude=52.5331, longitude=13.3831, name=BERLIN-MITTE, distance=2.0776921509980335]
Unfiltered: Station[id=GME00127822, latitude=52.5458, longitude=13.5617, name=BERLIN-MARZAHN, distance=10.980647749546252]
Unfiltered: Station[id=GME00121150, latitude=52.5656, longitude=13.3106, name=BERLIN-TEGEL, distance=8.152487881738962]
Unfiltered: Station[id=GMW00035110, latitude=52.5667, longitude=13.3, name=TEGEL, distance=8.796771318670672]
Unfiltered: Station[id=GME00127990, latitude=52.5681, longitude=13.1708, name=BERLIN-SPANDAU, distance=16.716120541285903]
Unfiltered: Station[id=GME00128062, latitude=52.6056, longitude=13.2967, name=BERLIN-TEGELER FLIESSTAL, distance=12.007793478030722]
Unfiltered: Station[id=GME00127438, latitude=52.6325, longitude=13.5039, name=BERLIN-BUCH, distance=14.18269241368554]
Unfiltered: Station[id=GME00132130, latitude=52.7458, longitude=13.8419, name=HECKELBERG, distance=38.72655562382661]
Unfiltered: Station[id=GME00131014, latitude=52.78, longitude=13.7606, name=MELCHOW-SCHONHOLZ, distance=37.56702804632367]
Unfiltered: Station[id=GME00121526, latitude=52.8253, longitude=13.7994, name=EBERSWALDE, distance=43.12307586534306]
Filtered: Station[id=GM000003342, latitude=52.3833, longitude=13.0639, name=POTSDAM, distance=27.664853857458986]
Filtered: Station[id=GM000003319, latitude=52.4639, longitude=13.3017, name=BERLIN-DAHLEM, distance=9.371552904956935]
Filtered: Station[id=GME00111445, latitude=52.4683, longitude=13.4039, name=BERLIN-TEMPELHOF, distance=5.749260034137326]
Filtered: Station[id=GME00121150, latitude=52.5656, longitude=13.3106, name=BERLIN-TEGEL, distance=8.152487881738962]
2025-03-13T13:27:02.745+01:00  INFO 30424 --- [    Test worker] dhbw.de.WeatherAPIRESTController         : 25 Stationen innerhalb von 50.0 km um Koordinaten (52.52, 13.405):
2025-03-13T13:27:02.745+01:00  INFO 30424 --- [    Test worker] dhbw.de.WeatherAPIRESTController         : 7 Stationen innerhalb von 50.0 km um Koordinaten (52.52, 13.405),                            die Daten im Zeitraum von 1950 und 1951baufweisen
Unfiltered: Station[id=GMM00010376, latitude=52.117, longitude=13.617, name=BARUTH, distance=47.071325755958036]
Unfiltered: Station[id=GMM00010385, latitude=52.38, longitude=13.523, name=SCHONEFELD, distance=17.501044607493778]
Unfiltered: Station[id=GME00127930, latitude=52.3819, longitude=13.5325, name=BERLIN-SCHONEFELD, distance=17.619904608054995]
Unfiltered: Station[id=GM000003342, latitude=52.3833, longitude=13.0639, name=POTSDAM, distance=27.664853857458986]
Unfiltered: Station[id=GME00124586, latitude=52.405, longitude=13.2333, name=KLEINMACHNOW, distance=17.286770634273548]
Unfiltered: Station[id=GME00127882, latitude=52.4056, longitude=13.4856, name=BERLIN-RUDOW, distance=13.843173913835017]
Unfiltered: Station[id=GME00127642, latitude=52.4056, longitude=13.7328, name=BERLIN-KANISWALL, distance=25.59310363709808]
Unfiltered: Station[id=GME00127762, latitude=52.4081, longitude=13.4142, name=BERLIN-LICHTENRADE, distance=12.458312542352322]
Unfiltered: Station[id=GME00127798, latitude=52.4156, longitude=13.3053, name=BERLIN-LICHTERFELDE (SUD), distance=13.430419802024636]
Unfiltered: Station[id=GME00128146, latitude=52.4303, longitude=13.2342, name=BERLIN-ZEHLENDORF, distance=15.274393801355734]
Unfiltered: Station[id=GME00128126, latitude=52.4567, longitude=13.4717, name=BERLIN-TREPTOW, distance=8.362922272611476]
Unfiltered: Station[id=GME00127486, latitude=52.4578, longitude=13.3014, name=BERLIN-DAHLEM (LFAG), distance=9.850877900636672]
Unfiltered: Station[id=GM000003319, latitude=52.4639, longitude=13.3017, name=BERLIN-DAHLEM, distance=9.371552904956935]
Unfiltered: Station[id=GME00111445, latitude=52.4683, longitude=13.4039, name=BERLIN-TEMPELHOF, distance=5.749260034137326]
Unfiltered: Station[id=GMW00035104, latitude=52.4833, longitude=13.4, name=TEMPELHOF, distance=4.094864049440625]
Unfiltered: Station[id=GME00127850, latitude=52.5331, longitude=13.3831, name=BERLIN-MITTE, distance=2.0776921509980335]
Unfiltered: Station[id=GME00127822, latitude=52.5458, longitude=13.5617, name=BERLIN-MARZAHN, distance=10.980647749546252]
Unfiltered: Station[id=GME00121150, latitude=52.5656, longitude=13.3106, name=BERLIN-TEGEL, distance=8.152487881738962]
Unfiltered: Station[id=GMW00035110, latitude=52.5667, longitude=13.3, name=TEGEL, distance=8.796771318670672]
Unfiltered: Station[id=GME00127990, latitude=52.5681, longitude=13.1708, name=BERLIN-SPANDAU, distance=16.716120541285903]
Unfiltered: Station[id=GME00128062, latitude=52.6056, longitude=13.2967, name=BERLIN-TEGELER FLIESSTAL, distance=12.007793478030722]
Unfiltered: Station[id=GME00127438, latitude=52.6325, longitude=13.5039, name=BERLIN-BUCH, distance=14.18269241368554]
Unfiltered: Station[id=GME00132130, latitude=52.7458, longitude=13.8419, name=HECKELBERG, distance=38.72655562382661]
Unfiltered: Station[id=GME00131014, latitude=52.78, longitude=13.7606, name=MELCHOW-SCHONHOLZ, distance=37.56702804632367]
Unfiltered: Station[id=GME00121526, latitude=52.8253, longitude=13.7994, name=EBERSWALDE, distance=43.12307586534306]
Filtered: Station[id=GM000003342, latitude=52.3833, longitude=13.0639, name=POTSDAM, distance=27.664853857458986]
Filtered: Station[id=GME00127798, latitude=52.4156, longitude=13.3053, name=BERLIN-LICHTERFELDE (SUD), distance=13.430419802024636]
Filtered: Station[id=GME00128126, latitude=52.4567, longitude=13.4717, name=BERLIN-TREPTOW, distance=8.362922272611476]
Filtered: Station[id=GM000003319, latitude=52.4639, longitude=13.3017, name=BERLIN-DAHLEM, distance=9.371552904956935]
Filtered: Station[id=GME00111445, latitude=52.4683, longitude=13.4039, name=BERLIN-TEMPELHOF, distance=5.749260034137326]
Filtered: Station[id=GMW00035104, latitude=52.4833, longitude=13.4, name=TEMPELHOF, distance=4.094864049440625]
Filtered: Station[id=GME00121150, latitude=52.5656, longitude=13.3106, name=BERLIN-TEGEL, distance=8.152487881738962]
2025-03-13T13:27:03.268+01:00  INFO 30424 --- [    Test worker] dhbw.de.WeatherAPIRESTController         : Wetterdaten pro Jahreszeit für GME00127850 gesammelt
]]></system-out>
  <system-err><![CDATA[java.io.FileNotFoundException: https://www.ncei.noaa.gov/pub/data/ghcn/daily/by_station/FAKE12345678.csv.gz
	at java.base/sun.net.www.protocol.http.HttpURLConnection.getInputStream0(HttpURLConnection.java:2017)
	at java.base/sun.net.www.protocol.http.HttpURLConnection.getInputStream(HttpURLConnection.java:1610)
	at java.base/sun.net.www.protocol.https.HttpsURLConnectionImpl.getInputStream(HttpsURLConnectionImpl.java:224)
	at dhbw.de.FetchingWeatherData.fetchAndProcessWeatherDataByYear(FetchingWeatherData.java:29)
	at dhbw.de.UnitandIntegrationtests.testFetchWeatherDataInvalidStationId(BasicWeatherDataAndStationSearchIntegrationTest.java:126)
	at java.base/jdk.internal.reflect.NativeMethodAccessorImpl.invoke0(Native Method)
	at java.base/jdk.internal.reflect.NativeMethodAccessorImpl.invoke(NativeMethodAccessorImpl.java:77)
	at java.base/jdk.internal.reflect.DelegatingMethodAccessorImpl.invoke(DelegatingMethodAccessorImpl.java:43)
	at java.base/java.lang.reflect.Method.invoke(Method.java:569)
	at org.junit.platform.commons.util.ReflectionUtils.invokeMethod(ReflectionUtils.java:767)
	at org.junit.jupiter.engine.execution.MethodInvocation.proceed(MethodInvocation.java:60)
	at org.junit.jupiter.engine.execution.InvocationInterceptorChain$ValidatingInvocation.proceed(InvocationInterceptorChain.java:131)
	at org.junit.jupiter.engine.extension.TimeoutExtension.intercept(TimeoutExtension.java:156)
	at org.junit.jupiter.engine.extension.TimeoutExtension.interceptTestableMethod(TimeoutExtension.java:147)
	at org.junit.jupiter.engine.extension.TimeoutExtension.interceptTestMethod(TimeoutExtension.java:86)
	at org.junit.jupiter.engine.execution.InterceptingExecutableInvoker$ReflectiveInterceptorCall.lambda$ofVoidMethod$0(InterceptingExecutableInvoker.java:103)
	at org.junit.jupiter.engine.execution.InterceptingExecutableInvoker.lambda$invoke$0(InterceptingExecutableInvoker.java:93)
	at org.junit.jupiter.engine.execution.InvocationInterceptorChain$InterceptedInvocation.proceed(InvocationInterceptorChain.java:106)
	at org.junit.jupiter.engine.execution.InvocationInterceptorChain.proceed(InvocationInterceptorChain.java:64)
	at org.junit.jupiter.engine.execution.InvocationInterceptorChain.chainAndInvoke(InvocationInterceptorChain.java:45)
	at org.junit.jupiter.engine.execution.InvocationInterceptorChain.invoke(InvocationInterceptorChain.java:37)
	at org.junit.jupiter.engine.execution.InterceptingExecutableInvoker.invoke(InterceptingExecutableInvoker.java:92)
	at org.junit.jupiter.engine.execution.InterceptingExecutableInvoker.invoke(InterceptingExecutableInvoker.java:86)
	at org.junit.jupiter.engine.descriptor.TestMethodTestDescriptor.lambda$invokeTestMethod$8(TestMethodTestDescriptor.java:217)
	at org.junit.platform.engine.support.hierarchical.ThrowableCollector.execute(ThrowableCollector.java:73)
	at org.junit.jupiter.engine.descriptor.TestMethodTestDescriptor.invokeTestMethod(TestMethodTestDescriptor.java:213)
	at org.junit.jupiter.engine.descriptor.TestMethodTestDescriptor.execute(TestMethodTestDescriptor.java:138)
	at org.junit.jupiter.engine.descriptor.TestMethodTestDescriptor.execute(TestMethodTestDescriptor.java:68)
	at org.junit.platform.engine.support.hierarchical.NodeTestTask.lambda$executeRecursively$6(NodeTestTask.java:156)
	at org.junit.platform.engine.support.hierarchical.ThrowableCollector.execute(ThrowableCollector.java:73)
	at org.junit.platform.engine.support.hierarchical.NodeTestTask.lambda$executeRecursively$8(NodeTestTask.java:146)
	at org.junit.platform.engine.support.hierarchical.Node.around(Node.java:137)
	at org.junit.platform.engine.support.hierarchical.NodeTestTask.lambda$executeRecursively$9(NodeTestTask.java:144)
	at org.junit.platform.engine.support.hierarchical.ThrowableCollector.execute(ThrowableCollector.java:73)
	at org.junit.platform.engine.support.hierarchical.NodeTestTask.executeRecursively(NodeTestTask.java:143)
	at org.junit.platform.engine.support.hierarchical.NodeTestTask.execute(NodeTestTask.java:100)
	at java.base/java.util.ArrayList.forEach(ArrayList.java:1511)
	at org.junit.platform.engine.support.hierarchical.SameThreadHierarchicalTestExecutorService.invokeAll(SameThreadHierarchicalTestExecutorService.java:41)
	at org.junit.platform.engine.support.hierarchical.NodeTestTask.lambda$executeRecursively$6(NodeTestTask.java:160)
	at org.junit.platform.engine.support.hierarchical.ThrowableCollector.execute(ThrowableCollector.java:73)
	at org.junit.platform.engine.support.hierarchical.NodeTestTask.lambda$executeRecursively$8(NodeTestTask.java:146)
	at org.junit.platform.engine.support.hierarchical.Node.around(Node.java:137)
	at org.junit.platform.engine.support.hierarchical.NodeTestTask.lambda$executeRecursively$9(NodeTestTask.java:144)
	at org.junit.platform.engine.support.hierarchical.ThrowableCollector.execute(ThrowableCollector.java:73)
	at org.junit.platform.engine.support.hierarchical.NodeTestTask.executeRecursively(NodeTestTask.java:143)
	at org.junit.platform.engine.support.hierarchical.NodeTestTask.execute(NodeTestTask.java:100)
	at java.base/java.util.ArrayList.forEach(ArrayList.java:1511)
	at org.junit.platform.engine.support.hierarchical.SameThreadHierarchicalTestExecutorService.invokeAll(SameThreadHierarchicalTestExecutorService.java:41)
	at org.junit.platform.engine.support.hierarchical.NodeTestTask.lambda$executeRecursively$6(NodeTestTask.java:160)
	at org.junit.platform.engine.support.hierarchical.ThrowableCollector.execute(ThrowableCollector.java:73)
	at org.junit.platform.engine.support.hierarchical.NodeTestTask.lambda$executeRecursively$8(NodeTestTask.java:146)
	at org.junit.platform.engine.support.hierarchical.Node.around(Node.java:137)
	at org.junit.platform.engine.support.hierarchical.NodeTestTask.lambda$executeRecursively$9(NodeTestTask.java:144)
	at org.junit.platform.engine.support.hierarchical.ThrowableCollector.execute(ThrowableCollector.java:73)
	at org.junit.platform.engine.support.hierarchical.NodeTestTask.executeRecursively(NodeTestTask.java:143)
	at org.junit.platform.engine.support.hierarchical.NodeTestTask.execute(NodeTestTask.java:100)
	at org.junit.platform.engine.support.hierarchical.SameThreadHierarchicalTestExecutorService.submit(SameThreadHierarchicalTestExecutorService.java:35)
	at org.junit.platform.engine.support.hierarchical.HierarchicalTestExecutor.execute(HierarchicalTestExecutor.java:57)
	at org.junit.platform.engine.support.hierarchical.HierarchicalTestEngine.execute(HierarchicalTestEngine.java:54)
	at org.junit.platform.launcher.core.EngineExecutionOrchestrator.execute(EngineExecutionOrchestrator.java:198)
	at org.junit.platform.launcher.core.EngineExecutionOrchestrator.execute(EngineExecutionOrchestrator.java:169)
	at org.junit.platform.launcher.core.EngineExecutionOrchestrator.execute(EngineExecutionOrchestrator.java:93)
	at org.junit.platform.launcher.core.EngineExecutionOrchestrator.lambda$execute$0(EngineExecutionOrchestrator.java:58)
	at org.junit.platform.launcher.core.EngineExecutionOrchestrator.withInterceptedStreams(EngineExecutionOrchestrator.java:141)
	at org.junit.platform.launcher.core.EngineExecutionOrchestrator.execute(EngineExecutionOrchestrator.java:57)
	at org.junit.platform.launcher.core.DefaultLauncher.execute(DefaultLauncher.java:103)
	at org.junit.platform.launcher.core.DefaultLauncher.execute(DefaultLauncher.java:85)
	at org.junit.platform.launcher.core.DelegatingLauncher.execute(DelegatingLauncher.java:47)
	at org.gradle.api.internal.tasks.testing.junitplatform.JUnitPlatformTestClassProcessor$CollectAllTestClassesExecutor.processAllTestClasses(JUnitPlatformTestClassProcessor.java:124)
	at org.gradle.api.internal.tasks.testing.junitplatform.JUnitPlatformTestClassProcessor$CollectAllTestClassesExecutor.access$000(JUnitPlatformTestClassProcessor.java:99)
	at org.gradle.api.internal.tasks.testing.junitplatform.JUnitPlatformTestClassProcessor.stop(JUnitPlatformTestClassProcessor.java:94)
	at org.gradle.api.internal.tasks.testing.SuiteTestClassProcessor.stop(SuiteTestClassProcessor.java:63)
	at java.base/jdk.internal.reflect.NativeMethodAccessorImpl.invoke0(Native Method)
	at java.base/jdk.internal.reflect.NativeMethodAccessorImpl.invoke(NativeMethodAccessorImpl.java:77)
	at java.base/jdk.internal.reflect.DelegatingMethodAccessorImpl.invoke(DelegatingMethodAccessorImpl.java:43)
	at java.base/java.lang.reflect.Method.invoke(Method.java:569)
	at org.gradle.internal.dispatch.ReflectionDispatch.dispatch(ReflectionDispatch.java:36)
	at org.gradle.internal.dispatch.ReflectionDispatch.dispatch(ReflectionDispatch.java:24)
	at org.gradle.internal.dispatch.ContextClassLoaderDispatch.dispatch(ContextClassLoaderDispatch.java:33)
	at org.gradle.internal.dispatch.ProxyDispatchAdapter$DispatchingInvocationHandler.invoke(ProxyDispatchAdapter.java:92)
	at jdk.proxy1/jdk.proxy1.$Proxy4.stop(Unknown Source)
	at org.gradle.api.internal.tasks.testing.worker.TestWorker$3.run(TestWorker.java:200)
	at org.gradle.api.internal.tasks.testing.worker.TestWorker.executeAndMaintainThreadName(TestWorker.java:132)
	at org.gradle.api.internal.tasks.testing.worker.TestWorker.execute(TestWorker.java:103)
	at org.gradle.api.internal.tasks.testing.worker.TestWorker.execute(TestWorker.java:63)
	at org.gradle.process.internal.worker.child.ActionExecutionWorker.execute(ActionExecutionWorker.java:56)
	at org.gradle.process.internal.worker.child.SystemApplicationClassLoaderWorker.call(SystemApplicationClassLoaderWorker.java:121)
	at org.gradle.process.internal.worker.child.SystemApplicationClassLoaderWorker.call(SystemApplicationClassLoaderWorker.java:71)
	at worker.org.gradle.process.internal.worker.GradleWorkerMain.run(GradleWorkerMain.java:69)
	at worker.org.gradle.process.internal.worker.GradleWorkerMain.main(GradleWorkerMain.java:74)
]]></system-err>
</testsuite>
